mode: atomic
github.com/recera/gai/prompts/registry.go:73.41,74.27 1 3
github.com/recera/gai/prompts/registry.go:74.27,76.3 1 3
github.com/recera/gai/prompts/registry.go:80.47,81.27 1 1
github.com/recera/gai/prompts/registry.go:81.27,83.3 1 1
github.com/recera/gai/prompts/registry.go:87.49,88.27 1 1
github.com/recera/gai/prompts/registry.go:88.27,90.3 1 1
github.com/recera/gai/prompts/registry.go:97.71,105.27 2 16
github.com/recera/gai/prompts/registry.go:105.27,107.3 1 5
github.com/recera/gai/prompts/registry.go:110.2,110.41 1 16
github.com/recera/gai/prompts/registry.go:110.41,112.3 1 0
github.com/recera/gai/prompts/registry.go:115.2,115.25 1 16
github.com/recera/gai/prompts/registry.go:115.25,116.43 1 3
github.com/recera/gai/prompts/registry.go:116.44,119.4 0 0
github.com/recera/gai/prompts/registry.go:122.2,122.15 1 16
github.com/recera/gai/prompts/registry.go:126.41,127.86 1 16
github.com/recera/gai/prompts/registry.go:127.86,128.17 1 112
github.com/recera/gai/prompts/registry.go:128.17,130.4 1 0
github.com/recera/gai/prompts/registry.go:132.3,132.53 1 112
github.com/recera/gai/prompts/registry.go:132.53,134.4 1 32
github.com/recera/gai/prompts/registry.go:136.3,137.21 2 80
github.com/recera/gai/prompts/registry.go:137.21,140.4 1 0
github.com/recera/gai/prompts/registry.go:142.3,146.17 4 80
github.com/recera/gai/prompts/registry.go:146.17,148.4 1 0
github.com/recera/gai/prompts/registry.go:150.3,163.34 4 80
github.com/recera/gai/prompts/registry.go:163.34,165.4 1 48
github.com/recera/gai/prompts/registry.go:166.3,168.13 2 80
github.com/recera/gai/prompts/registry.go:173.42,174.25 1 4
github.com/recera/gai/prompts/registry.go:174.25,176.3 1 0
github.com/recera/gai/prompts/registry.go:178.2,179.16 2 4
github.com/recera/gai/prompts/registry.go:179.16,180.25 1 0
github.com/recera/gai/prompts/registry.go:180.25,182.4 1 0
github.com/recera/gai/prompts/registry.go:183.3,183.13 1 0
github.com/recera/gai/prompts/registry.go:186.2,186.19 1 4
github.com/recera/gai/prompts/registry.go:186.19,188.3 1 0
github.com/recera/gai/prompts/registry.go:190.2,191.16 2 4
github.com/recera/gai/prompts/registry.go:191.16,193.3 1 0
github.com/recera/gai/prompts/registry.go:195.2,195.32 1 4
github.com/recera/gai/prompts/registry.go:195.32,196.65 1 4
github.com/recera/gai/prompts/registry.go:196.65,197.12 1 0
github.com/recera/gai/prompts/registry.go:200.3,201.21 2 4
github.com/recera/gai/prompts/registry.go:201.21,202.12 1 0
github.com/recera/gai/prompts/registry.go:205.3,210.17 5 4
github.com/recera/gai/prompts/registry.go:210.17,212.4 1 0
github.com/recera/gai/prompts/registry.go:214.3,228.42 5 4
github.com/recera/gai/prompts/registry.go:228.42,229.20 1 2
github.com/recera/gai/prompts/registry.go:229.20,231.10 2 0
github.com/recera/gai/prompts/registry.go:234.3,234.13 1 4
github.com/recera/gai/prompts/registry.go:234.13,236.4 1 4
github.com/recera/gai/prompts/registry.go:240.2,240.35 1 4
github.com/recera/gai/prompts/registry.go:240.35,242.3 1 15
github.com/recera/gai/prompts/registry.go:244.2,244.12 1 4
github.com/recera/gai/prompts/registry.go:248.120,253.42 3 29
github.com/recera/gai/prompts/registry.go:253.42,255.36 2 1
github.com/recera/gai/prompts/registry.go:255.36,257.4 1 0
github.com/recera/gai/prompts/registry.go:258.3,258.38 1 1
github.com/recera/gai/prompts/registry.go:261.2,263.13 3 29
github.com/recera/gai/prompts/registry.go:263.13,265.26 1 4
github.com/recera/gai/prompts/registry.go:265.26,267.27 2 2
github.com/recera/gai/prompts/registry.go:267.27,270.5 2 0
github.com/recera/gai/prompts/registry.go:273.3,273.18 1 4
github.com/recera/gai/prompts/registry.go:273.18,275.4 1 4
github.com/recera/gai/prompts/registry.go:279.2,280.16 2 25
github.com/recera/gai/prompts/registry.go:280.16,282.3 1 0
github.com/recera/gai/prompts/registry.go:284.2,285.46 2 25
github.com/recera/gai/prompts/registry.go:285.46,287.3 1 0
github.com/recera/gai/prompts/registry.go:289.2,295.30 2 25
github.com/recera/gai/prompts/registry.go:299.65,303.42 3 15
github.com/recera/gai/prompts/registry.go:303.42,305.36 2 0
github.com/recera/gai/prompts/registry.go:305.36,307.4 1 0
github.com/recera/gai/prompts/registry.go:308.3,308.38 1 0
github.com/recera/gai/prompts/registry.go:311.2,313.13 3 15
github.com/recera/gai/prompts/registry.go:313.13,315.3 1 0
github.com/recera/gai/prompts/registry.go:318.2,319.19 2 15
github.com/recera/gai/prompts/registry.go:323.47,328.45 4 11
github.com/recera/gai/prompts/registry.go:328.45,330.3 1 33
github.com/recera/gai/prompts/registry.go:331.2,331.15 1 11
github.com/recera/gai/prompts/registry.go:335.35,340.37 3 1
github.com/recera/gai/prompts/registry.go:340.37,341.32 1 6
github.com/recera/gai/prompts/registry.go:341.32,343.4 1 1
github.com/recera/gai/prompts/registry.go:347.2,348.35 2 1
github.com/recera/gai/prompts/registry.go:348.35,349.32 1 5
github.com/recera/gai/prompts/registry.go:349.32,350.40 1 5
github.com/recera/gai/prompts/registry.go:350.40,352.5 1 3
github.com/recera/gai/prompts/registry.go:353.4,353.79 1 5
github.com/recera/gai/prompts/registry.go:358.2,358.25 1 1
github.com/recera/gai/prompts/registry.go:358.25,359.43 1 1
github.com/recera/gai/prompts/registry.go:359.43,361.4 1 0
github.com/recera/gai/prompts/registry.go:364.2,364.12 1 1
github.com/recera/gai/prompts/registry.go:368.80,370.35 2 2
github.com/recera/gai/prompts/registry.go:370.35,372.3 1 2
github.com/recera/gai/prompts/registry.go:376.2,376.34 1 0
github.com/recera/gai/prompts/registry.go:380.48,383.2 2 92
github.com/recera/gai/prompts/registry.go:386.38,387.43 1 16
github.com/recera/gai/prompts/registry.go:387.43,389.3 1 17
github.com/recera/gai/prompts/registry.go:394.41,398.25 3 17
github.com/recera/gai/prompts/registry.go:398.25,400.22 2 30
github.com/recera/gai/prompts/registry.go:400.22,402.4 1 30
github.com/recera/gai/prompts/registry.go:403.3,403.22 1 30
github.com/recera/gai/prompts/registry.go:403.22,405.4 1 30
github.com/recera/gai/prompts/registry.go:407.3,407.14 1 30
github.com/recera/gai/prompts/registry.go:407.14,409.4 1 5
github.com/recera/gai/prompts/registry.go:410.3,410.14 1 25
github.com/recera/gai/prompts/registry.go:410.14,412.4 1 12
github.com/recera/gai/prompts/registry.go:415.2,415.10 1 0
github.com/recera/gai/prompts/registry.go:419.40,422.50 1 16
github.com/recera/gai/prompts/registry.go:422.50,425.25 3 7
github.com/recera/gai/prompts/registry.go:425.25,426.23 1 8
github.com/recera/gai/prompts/registry.go:426.23,428.6 1 8
github.com/recera/gai/prompts/registry.go:430.4,430.36 1 7
github.com/recera/gai/prompts/registry.go:433.51,435.4 1 3
github.com/recera/gai/prompts/registry.go:443.39,445.18 2 1
github.com/recera/gai/prompts/registry.go:445.18,447.5 1 0
github.com/recera/gai/prompts/registry.go:448.4,448.25 1 1
github.com/recera/gai/prompts/registry.go:451.45,453.18 2 1
github.com/recera/gai/prompts/registry.go:453.18,455.5 1 0
github.com/recera/gai/prompts/registry.go:456.4,456.25 1 1
github.com/recera/gai/prompts/registry.go:460.34,461.22 1 0
github.com/recera/gai/prompts/registry.go:461.22,463.5 1 0
github.com/recera/gai/prompts/registry.go:464.4,464.14 1 0
github.com/recera/gai/prompts/registry.go:467.33,468.22 1 0
github.com/recera/gai/prompts/registry.go:468.22,470.5 1 0
github.com/recera/gai/prompts/registry.go:471.4,471.14 1 0
github.com/recera/gai/prompts/registry.go:475.44,476.31 1 2
github.com/recera/gai/prompts/registry.go:476.31,478.5 1 2
github.com/recera/gai/prompts/registry.go:479.4,479.14 1 0
github.com/recera/gai/prompts/registry.go:483.24,485.4 1 0
github.com/recera/gai/prompts/registry.go:487.38,489.4 1 0
github.com/recera/gai/prompts/registry.go:494.57,496.16 2 2
github.com/recera/gai/prompts/registry.go:496.16,498.3 1 0
github.com/recera/gai/prompts/registry.go:500.2,501.12 2 2
github.com/recera/gai/prompts/registry.go:505.46,522.2 7 1
github.com/recera/gai/prompts/registry.go:525.43,531.35 5 1
github.com/recera/gai/prompts/registry.go:531.35,532.32 1 6
github.com/recera/gai/prompts/registry.go:532.32,534.4 1 5
github.com/recera/gai/prompts/registry.go:534.9,536.4 1 1
github.com/recera/gai/prompts/registry.go:539.2,545.3 1 1
